<?xml version="1.0" encoding="UTF-8"?>
<testng-results skipped="0" failed="0" total="5" passed="5">
  <reporter-output>
  </reporter-output>
  <suite name="Default suite" duration-ms="10153" started-at="2013-12-19T17:50:50Z" finished-at="2013-12-19T17:51:00Z">
    <groups>
    </groups>
    <test name="Default test" duration-ms="10153" started-at="2013-12-19T17:50:50Z" finished-at="2013-12-19T17:51:00Z">
      <class name="com.example.tests.GroupCreationTests">
        <test-method status="PASS" signature="testEmptyGroupCreation()[pri:0, instance:com.example.tests.GroupCreationTests@1f89e1]" name="testEmptyGroupCreation" duration-ms="1117" started-at="2013-12-19T21:50:53Z" finished-at="2013-12-19T21:50:54Z">
          <reporter-output>
          </reporter-output>
        </test-method> <!-- testEmptyGroupCreation -->
        <test-method status="PASS" signature="testNonEmptyGroupCreation()[pri:0, instance:com.example.tests.GroupCreationTests@1f89e1]" name="testNonEmptyGroupCreation" duration-ms="1153" started-at="2013-12-19T21:50:54Z" finished-at="2013-12-19T21:50:56Z">
          <reporter-output>
          </reporter-output>
        </test-method> <!-- testNonEmptyGroupCreation -->
      </class> <!-- com.example.tests.GroupCreationTests -->
      <class name="com.example.tests.ContactCreationTest">
        <test-method status="PASS" signature="testContactCreation()[pri:0, instance:com.example.tests.ContactCreationTest@2e5771]" name="testContactCreation" duration-ms="2194" started-at="2013-12-19T21:50:56Z" finished-at="2013-12-19T21:50:58Z">
          <reporter-output>
          </reporter-output>
        </test-method> <!-- testContactCreation -->
      </class> <!-- com.example.tests.ContactCreationTest -->
      <class name="com.example.tests.TestBase">
        <test-method status="PASS" signature="setUp()[pri:0, instance:com.example.tests.TestBase@fd3fba]" name="setUp" is-config="true" duration-ms="3451" started-at="2013-12-19T21:50:50Z" finished-at="2013-12-19T21:50:53Z">
          <reporter-output>
          </reporter-output>
        </test-method> <!-- setUp -->
        <test-method status="PASS" signature="tearDown()[pri:0, instance:com.example.tests.TestBase@fd3fba]" name="tearDown" is-config="true" duration-ms="103" started-at="2013-12-19T21:51:00Z" finished-at="2013-12-19T21:51:00Z">
          <reporter-output>
          </reporter-output>
        </test-method> <!-- tearDown -->
      </class> <!-- com.example.tests.TestBase -->
      <class name="com.example.tests.AlsoGroupCreationTests">
        <test-method status="PASS" signature="testEmptyGroupCreation()[pri:0, instance:com.example.tests.AlsoGroupCreationTests@ed76ff]" name="testEmptyGroupCreation" duration-ms="1134" started-at="2013-12-19T21:50:58Z" finished-at="2013-12-19T21:50:59Z">
          <reporter-output>
          </reporter-output>
        </test-method> <!-- testEmptyGroupCreation -->
        <test-method status="PASS" signature="testNonEmptyGroupCreation()[pri:0, instance:com.example.tests.AlsoGroupCreationTests@ed76ff]" name="testNonEmptyGroupCreation" duration-ms="993" started-at="2013-12-19T21:50:59Z" finished-at="2013-12-19T21:51:00Z">
          <reporter-output>
          </reporter-output>
        </test-method> <!-- testNonEmptyGroupCreation -->
      </class> <!-- com.example.tests.AlsoGroupCreationTests -->
    </test> <!-- Default test -->
  </suite> <!-- Default suite -->
</testng-results>
