<?xml version="1.0" encoding="UTF-8"?>
<testng-results skipped="0" failed="0" total="1" passed="1">
  <reporter-output>
  </reporter-output>
  <suite name="Default suite" duration-ms="6070" started-at="2014-02-11T17:39:09Z" finished-at="2014-02-11T17:39:15Z">
    <groups>
    </groups>
    <test name="Default test" duration-ms="6070" started-at="2014-02-11T17:39:09Z" finished-at="2014-02-11T17:39:15Z">
      <class name="com.example.tests.TestContactCreation">
        <test-method status="PASS" signature="setUp()[pri:0, instance:com.example.tests.TestContactCreation@1c935cc]" name="setUp" is-config="true" duration-ms="9" started-at="2014-02-11T21:39:09Z" finished-at="2014-02-11T21:39:09Z">
          <reporter-output>
          </reporter-output>
        </test-method> <!-- setUp -->
        <test-method status="PASS" signature="shouldCreateContactWithValidData()[pri:0, instance:com.example.tests.TestContactCreation@1c935cc]" name="shouldCreateContactWithValidData" duration-ms="6053" started-at="2014-02-11T21:39:09Z" finished-at="2014-02-11T21:39:15Z">
          <reporter-output>
          </reporter-output>
        </test-method> <!-- shouldCreateContactWithValidData -->
        <test-method status="PASS" signature="tearDown()[pri:0, instance:com.example.tests.TestContactCreation@1c935cc]" name="tearDown" is-config="true" duration-ms="0" started-at="2014-02-11T21:39:15Z" finished-at="2014-02-11T21:39:15Z">
          <reporter-output>
          </reporter-output>
        </test-method> <!-- tearDown -->
      </class> <!-- com.example.tests.TestContactCreation -->
    </test> <!-- Default test -->
  </suite> <!-- Default suite -->
</testng-results>
