<?xml version="1.0" encoding="UTF-8"?>
<!-- Generated by org.testng.reporters.JUnitXMLReporter -->
<testsuite hostname="Smyasnikov" name="Default test" tests="5" failures="0" timestamp="19 Dec 2013 17:51:00 GMT" time="10.153" errors="0">
  <testcase name="testEmptyGroupCreation" time="1.117" classname="com.example.tests.GroupCreationTests"/>
  <testcase name="testNonEmptyGroupCreation" time="1.153" classname="com.example.tests.GroupCreationTests"/>
  <testcase name="testContactCreation" time="2.194" classname="com.example.tests.ContactCreationTest"/>
  <testcase name="testEmptyGroupCreation" time="1.134" classname="com.example.tests.AlsoGroupCreationTests"/>
  <testcase name="testNonEmptyGroupCreation" time="0.993" classname="com.example.tests.AlsoGroupCreationTests"/>
</testsuite> <!-- Default test -->
