<?xml version="1.0" encoding="UTF-8"?>
<!-- Generated by org.testng.reporters.JUnitXMLReporter -->
<testsuite hostname="Smyasnikov" name="Default test" tests="5" failures="0" timestamp="20 Dec 2013 16:42:54 GMT" time="10.93" errors="0">
  <testcase name="testEmptyGroupCreation" time="1.172" classname="com.example.tests.GroupCreationTests"/>
  <testcase name="testNonEmptyGroupCreation" time="1.236" classname="com.example.tests.GroupCreationTests"/>
  <testcase name="testContactCreation" time="2.323" classname="com.example.tests.ContactCreationTest"/>
  <testcase name="testEmptyGroupCreation" time="1.108" classname="com.example.tests.AlsoGroupCreationTests"/>
  <testcase name="testNonEmptyGroupCreation" time="1.056" classname="com.example.tests.AlsoGroupCreationTests"/>
</testsuite> <!-- Default test -->
